# JRE version: OpenJDK Runtime Environment Microsoft-8035246 (17.0.8+7) (build 17.0.8+7-LTS)
# Java VM: OpenJDK 64-Bit Server VM Microsoft-8035246 (17.0.8+7-LTS, mixed mode, sharing, tiered, compressed oops, compressed class ptrs, g1 gc, windows-amd64)
GC Precious Log:
 CPUs: 4 total, 4 available
 Memory: 16102M
 Large Page Support: Disabled
 NUMA Support: Disabled
 Compressed Oops: Enabled (32-bit)
 Heap Region Size: 1M
 Heap Min Capacity: 8M
 Heap Initial Capacity: 252M
 Heap Max Capacity: 2G
 Pre-touch: Disabled
 Parallel Workers: 4
 Concurrent Workers: 1
 Concurrent Refinement Workers: 4
 Periodic GC: Disabled
Heap:
 garbage-first heap   total 249856K, used 205596K [0x0000000080000000, 0x0000000100000000)
  region size 1024K, 40 young (40960K), 6 survivors (6144K)
 Metaspace       used 103612K, committed 104640K, reserved 557056K
  class space    used 14376K, committed 14848K, reserved 425984K
GC Heap History (20 events):
Event: 57.386 GC heap before
{Heap before GC invocations=44 (full 0):
 garbage-first heap   total 249856K, used 174034K [0x0000000080000000, 0x0000000100000000)
  region size 1024K, 85 young (87040K), 1 survivors (1024K)
 Metaspace       used 83284K, committed 84032K, reserved 557056K
  class space    used 11512K, committed 11840K, reserved 425984K
}
Event: 57.397 GC heap after
{Heap after GC invocations=45 (full 0):
 garbage-first heap   total 249856K, used 92853K [0x0000000080000000, 0x0000000100000000)
  region size 1024K, 6 young (6144K), 6 survivors (6144K)
 Metaspace       used 83284K, committed 84032K, reserved 557056K
  class space    used 11512K, committed 11840K, reserved 425984K
}
Event: 59.228 GC heap before
{Heap before GC invocations=45 (full 0):
 garbage-first heap   total 249856K, used 179893K [0x0000000080000000, 0x0000000100000000)
  region size 1024K, 91 young (93184K), 6 survivors (6144K)
 Metaspace       used 89150K, committed 89920K, reserved 557056K
  class space    used 12481K, committed 12864K, reserved 425984K
}
Event: 59.237 GC heap after
{Heap after GC invocations=46 (full 0):
 garbage-first heap   total 249856K, used 95964K [0x0000000080000000, 0x0000000100000000)
  region size 1024K, 9 young (9216K), 9 survivors (9216K)
 Metaspace       used 89150K, committed 89920K, reserved 557056K
  class space    used 12481K, committed 12864K, reserved 425984K
}
Event: 61.501 GC heap before
{Heap before GC invocations=46 (full 0):
 garbage-first heap   total 249856K, used 189148K [0x0000000080000000, 0x0000000100000000)
  region size 1024K, 97 young (99328K), 9 survivors (9216K)
 Metaspace       used 92286K, committed 93120K, reserved 557056K
  class space    used 12867K, committed 13248K, reserved 425984K
}
Event: 61.516 GC heap after
{Heap after GC invocations=47 (full 0):
 garbage-first heap   total 249856K, used 111811K [0x0000000080000000, 0x0000000100000000)
  region size 1024K, 13 young (13312K), 13 survivors (13312K)
 Metaspace       used 92286K, committed 93120K, reserved 557056K
  class space    used 12867K, committed 13248K, reserved 425984K
}
Event: 63.569 GC heap before
{Heap before GC invocations=47 (full 0):
 garbage-first heap   total 249856K, used 191683K [0x0000000080000000, 0x0000000100000000)
  region size 1024K, 89 young (91136K), 13 survivors (13312K)
 Metaspace       used 94111K, committed 95040K, reserved 557056K
  class space    used 13155K, committed 13568K, reserved 425984K
}
Event: 63.587 GC heap after
{Heap after GC invocations=48 (full 0):
 garbage-first heap   total 249856K, used 127793K [0x0000000080000000, 0x0000000100000000)
  region size 1024K, 12 young (12288K), 12 survivors (12288K)
 Metaspace       used 94111K, committed 95040K, reserved 557056K
  class space    used 13155K, committed 13568K, reserved 425984K
}
Event: 64.933 GC heap before
{Heap before GC invocations=48 (full 0):
 garbage-first heap   total 249856K, used 195377K [0x0000000080000000, 0x0000000100000000)
  region size 1024K, 76 young (77824K), 12 survivors (12288K)
 Metaspace       used 95365K, committed 96256K, reserved 557056K
  class space    used 13306K, committed 13696K, reserved 425984K
}
Event: 64.954 GC heap after
{Heap after GC invocations=49 (full 0):
 garbage-first heap   total 249856K, used 145408K [0x0000000080000000, 0x0000000100000000)
  region size 1024K, 10 young (10240K), 10 survivors (10240K)
 Metaspace       used 95365K, committed 96256K, reserved 557056K
  class space    used 13306K, committed 13696K, reserved 425984K
}
Event: 66.053 GC heap before
{Heap before GC invocations=49 (full 0):
 garbage-first heap   total 249856K, used 198656K [0x0000000080000000, 0x0000000100000000)
  region size 1024K, 62 young (63488K), 10 survivors (10240K)
 Metaspace       used 100373K, committed 101312K, reserved 557056K
  class space    used 14004K, committed 14464K, reserved 425984K
}
Event: 66.067 GC heap after
{Heap after GC invocations=50 (full 0):
 garbage-first heap   total 249856K, used 149350K [0x0000000080000000, 0x0000000100000000)
  region size 1024K, 4 young (4096K), 4 survivors (4096K)
 Metaspace       used 100373K, committed 101312K, reserved 557056K
  class space    used 14004K, committed 14464K, reserved 425984K
}
Event: 67.056 GC heap before
{Heap before GC invocations=50 (full 0):
 garbage-first heap   total 249856K, used 201574K [0x0000000080000000, 0x0000000100000000)
  region size 1024K, 55 young (56320K), 4 survivors (4096K)
 Metaspace       used 101986K, committed 102976K, reserved 557056K
  class space    used 14212K, committed 14656K, reserved 425984K
}
Event: 67.067 GC heap after
{Heap after GC invocations=51 (full 0):
 garbage-first heap   total 249856K, used 154458K [0x0000000080000000, 0x0000000100000000)
  region size 1024K, 7 young (7168K), 7 survivors (7168K)
 Metaspace       used 101986K, committed 102976K, reserved 557056K
  class space    used 14212K, committed 14656K, reserved 425984K
}
Event: 67.795 GC heap before
{Heap before GC invocations=51 (full 0):
 garbage-first heap   total 249856K, used 204634K [0x0000000080000000, 0x0000000100000000)
  region size 1024K, 56 young (57344K), 7 survivors (7168K)
 Metaspace       used 102531K, committed 103552K, reserved 557056K
  class space    used 14259K, committed 14720K, reserved 425984K
}
Event: 67.807 GC heap after
{Heap after GC invocations=52 (full 0):
 garbage-first heap   total 249856K, used 160363K [0x0000000080000000, 0x0000000100000000)
  region size 1024K, 6 young (6144K), 6 survivors (6144K)
 Metaspace       used 102531K, committed 103552K, reserved 557056K
  class space    used 14259K, committed 14720K, reserved 425984K
}
Event: 68.631 GC heap before
{Heap before GC invocations=52 (full 0):
 garbage-first heap   total 249856K, used 205419K [0x0000000080000000, 0x0000000100000000)
  region size 1024K, 51 young (52224K), 6 survivors (6144K)
 Metaspace       used 103291K, committed 104256K, reserved 557056K
  class space    used 14328K, committed 14784K, reserved 425984K
}
Event: 68.641 GC heap after
{Heap after GC invocations=53 (full 0):
 garbage-first heap   total 249856K, used 163227K [0x0000000080000000, 0x0000000100000000)
  region size 1024K, 3 young (3072K), 3 survivors (3072K)
 Metaspace       used 103291K, committed 104256K, reserved 557056K
  class space    used 14328K, committed 14784K, reserved 425984K
}
Event: 69.446 GC heap before
{Heap before GC invocations=53 (full 0):
 garbage-first heap   total 249856K, used 208283K [0x0000000080000000, 0x0000000100000000)
  region size 1024K, 48 young (49152K), 3 survivors (3072K)
 Metaspace       used 103544K, committed 104512K, reserved 557056K
  class space    used 14376K, committed 14848K, reserved 425984K
}
Event: 69.455 GC heap after
{Heap after GC invocations=54 (full 0):
 garbage-first heap   total 249856K, used 167708K [0x0000000080000000, 0x0000000100000000)
  region size 1024K, 6 young (6144K), 6 survivors (6144K)
 Metaspace       used 103544K, committed 104512K, reserved 557056K
  class space    used 14376K, committed 14848K, reserved 425984K
}

